<?xml version="1.0" encoding="UTF-8"?>
<testsuite name="com.nuvino.cucumber.NuvinoRunner" time="1.281" tests="12" errors="0" skipped="0" failures="0">
  <properties>
[...]
</properties>
  <testcase name="When User sends a POST request" classname="Scenario: Check if the Bad Text Filter APLI is working correctly" time="0.001"/>
  <testcase name="Scenario: Check if the Bad Text Filter APLI is working correctly" classname="Scenario: Check if the Bad Text Filter APLI is working correctly" time="1.159"/>
  <testcase name="When User sends a POST request without any value for parameter status code 400 is returned" classname="Scenario: Negative Test when API POST request is made with no parameter for required key" time="0"/>
  <testcase name="Scenario: Negative Test when API POST request is made with no parameter for required key" classname="Scenario: Negative Test when API POST request is made with no parameter for required key" time="0.047"/>
  <testcase name="When User sends a POST request with a invalid api-key and valid userid and required valid parameter" classname="Scenario: Negative Test when API POST Request with invalid api-key" time="0"/>
  <testcase name="Scenario: Negative Test when API POST Request with invalid api-key" classname="Scenario: Negative Test when API POST Request with invalid api-key" time="0.023"/>
  <testcase name="When User sends the POST request with the information for content Sheely goes to home fuck monday and cencored character @ and response with Status code 200 received" classname="| Sheely goes to home fuck monday | @ |" time="0"/>
  <testcase name="Then Display cencored content on console" classname="| Sheely goes to home fuck monday | @ |" time="0"/>
  <testcase name="| Sheely goes to home fuck monday | @ |" classname="| Sheely goes to home fuck monday | @ |" time="0.002"/>
  <testcase name="When User sends the POST request with the information for content hellow world and cencored character # and response with Status code 200 received" classname="| hellow world | # |" time="0"/>
  <testcase name="Then Display cencored content on console" classname="| hellow world | # |" time="0"/>
  <testcase name="| hellow world | # |" classname="| hellow world | # |" time="0.049"/>
</testsuite>