<?xml version="1.0" encoding="UTF-8"?><testsuite errors="0" failures="0" name="Testing API for Bad Text Filter" skipped="0" tests="5" time="1.08" timestamp="2021-02-38 12:24:41"><testcase name="Check if the Bad Text Filter APLI is working correctly"/><testcase name="Negative Test when API POST request is made with no parameter for required key"/><testcase name="Negative Test when API POST Request with invalid api-key"/><testcase name="Check the API POST request reponse for multiple request"/></testsuite>